########### array before sorts ###########
0	0.000000	4.270000	0.000000	30.047000	n
1	0.000000	30.047000	0.148530	31.148203	n
2	0.148530	31.148203	0.577012	32.173442	n
3	0.577012	32.173442	1.256246	33.052846	n
4	1.256246	33.052846	2.139941	33.726488	n
5	2.139941	33.726488	3.167877	34.148458	n
6	3.167877	34.148458	4.270000	34.290000	n
7	4.270000	34.290000	77.052000	34.290000	n
8	77.052000	34.290000	78.482823	34.105182	n
9	78.482823	34.105182	79.817058	33.556339	n
10	79.817058	33.556339	80.963779	32.680871	n
11	80.963779	32.680871	81.844839	31.538441	n
12	81.844839	31.538441	82.400194	30.206903	n
13	82.400194	30.206903	82.592000	28.777000	n
14	82.592000	28.777000	82.550000	4.270000	n
15	82.550000	4.270000	82.410655	3.169562	n
16	82.410655	3.169562	81.991243	2.142686	n
17	81.991243	2.142686	81.320347	1.259352	n
18	81.320347	1.259352	80.443687	0.579757	n
19	80.443687	0.579757	79.421007	0.150215	n
20	79.421007	0.150215	78.322000	0.000000	n
21	78.322000	0.000000	5.540000	0.000000	n
22	5.540000	0.000000	4.248856	0.002785	n
23	4.248856	0.002785	3.002427	0.339647	n
24	3.002427	0.339647	1.885655	0.987630	n
25	1.885655	0.987630	0.974647	1.902575	n
26	0.974647	1.902575	0.331485	3.022130	n
27	0.331485	3.022130	0.000000	4.270000	n
Tolerance=0.050000.
*Exact match for i=0 and j=1.
*i point 0.000000	4.270000	0.000000	30.047000	y
*Exact match for i=1 and j=2.
*i point 0.000000	30.047000	0.148530	31.148203	y
*Exact match for i=2 and j=3.
*i point 0.148530	31.148203	0.577012	32.173442	y
*Exact match for i=3 and j=4.
*i point 0.577012	32.173442	1.256246	33.052846	y
*Exact match for i=4 and j=5.
*i point 1.256246	33.052846	2.139941	33.726488	y
*Exact match for i=5 and j=6.
*i point 2.139941	33.726488	3.167877	34.148458	y
*Exact match for i=6 and j=7.
*i point 3.167877	34.148458	4.270000	34.290000	y
*Exact match for i=7 and j=8.
*i point 4.270000	34.290000	77.052000	34.290000	y
*Exact match for i=8 and j=9.
*i point 77.052000	34.290000	78.482823	34.105182	y
*Exact match for i=9 and j=10.
*i point 78.482823	34.105182	79.817058	33.556339	y
*Exact match for i=10 and j=11.
*i point 79.817058	33.556339	80.963779	32.680871	y
*Exact match for i=11 and j=12.
*i point 80.963779	32.680871	81.844839	31.538441	y
*Exact match for i=12 and j=13.
*i point 81.844839	31.538441	82.400194	30.206903	y
*Exact match for i=13 and j=14.
*i point 82.400194	30.206903	82.592000	28.777000	y
*Exact match for i=14 and j=15.
*i point 82.592000	28.777000	82.550000	4.270000	y
*Exact match for i=15 and j=16.
*i point 82.550000	4.270000	82.410655	3.169562	y
*Exact match for i=16 and j=17.
*i point 82.410655	3.169562	81.991243	2.142686	y
*Exact match for i=17 and j=18.
*i point 81.991243	2.142686	81.320347	1.259352	y
*Exact match for i=18 and j=19.
*i point 81.320347	1.259352	80.443687	0.579757	y
*Exact match for i=19 and j=20.
*i point 80.443687	0.579757	79.421007	0.150215	y
*Exact match for i=20 and j=21.
*i point 79.421007	0.150215	78.322000	0.000000	y
*Exact match for i=21 and j=22.
*i point 78.322000	0.000000	5.540000	0.000000	y
*Exact match for i=22 and j=23.
*i point 5.540000	0.000000	4.248856	0.002785	y
*Exact match for i=23 and j=24.
*i point 4.248856	0.002785	3.002427	0.339647	y
*Exact match for i=24 and j=25.
*i point 3.002427	0.339647	1.885655	0.987630	y
*Exact match for i=25 and j=26.
*i point 1.885655	0.987630	0.974647	1.902575	y
*Exact match for i=26 and j=27.
*i point 0.974647	1.902575	0.331485	3.022130	y
########### array after sorts ###########
0	0.000000	4.270000	0.000000	30.047000	y
1	0.000000	30.047000	0.148530	31.148203	y
2	0.148530	31.148203	0.577012	32.173442	y
3	0.577012	32.173442	1.256246	33.052846	y
4	1.256246	33.052846	2.139941	33.726488	y
5	2.139941	33.726488	3.167877	34.148458	y
6	3.167877	34.148458	4.270000	34.290000	y
7	4.270000	34.290000	77.052000	34.290000	y
8	77.052000	34.290000	78.482823	34.105182	y
9	78.482823	34.105182	79.817058	33.556339	y
10	79.817058	33.556339	80.963779	32.680871	y
11	80.963779	32.680871	81.844839	31.538441	y
12	81.844839	31.538441	82.400194	30.206903	y
13	82.400194	30.206903	82.592000	28.777000	y
14	82.592000	28.777000	82.550000	4.270000	y
15	82.550000	4.270000	82.410655	3.169562	y
16	82.410655	3.169562	81.991243	2.142686	y
17	81.991243	2.142686	81.320347	1.259352	y
18	81.320347	1.259352	80.443687	0.579757	y
19	80.443687	0.579757	79.421007	0.150215	y
20	79.421007	0.150215	78.322000	0.000000	y
21	78.322000	0.000000	5.540000	0.000000	y
22	5.540000	0.000000	4.248856	0.002785	y
23	4.248856	0.002785	3.002427	0.339647	y
24	3.002427	0.339647	1.885655	0.987630	y
25	1.885655	0.987630	0.974647	1.902575	y
26	0.974647	1.902575	0.331485	3.022130	y
27	0.331485	3.022130	0.000000	4.270000	y
***************
.BOARD_OUTLINE UNOWNED
1.6
0     0.000000     4.270000     0
0     0.000000     30.047000     0
0     0.148530     31.148203     0
0     0.577012     32.173442     0
0     1.256246     33.052846     0
0     2.139941     33.726488     0
0     3.167877     34.148458     0
0     4.270000     34.290000     0
0     77.052000     34.290000     0
0     78.482823     34.105182     0
0     79.817058     33.556339     0
0     80.963779     32.680871     0
0     81.844839     31.538441     0
0     82.400194     30.206903     0
0     82.592000     28.777000     0
0     82.550000     4.270000     0
0     82.410655     3.169562     0
0     81.991243     2.142686     0
0     81.320347     1.259352     0
0     80.443687     0.579757     0
0     79.421007     0.150215     0
0     78.322000     0.000000     0
0     5.540000     0.000000     0
0     4.248856     0.002785     0
0     3.002427     0.339647     0
0     1.885655     0.987630     0
0     0.974647     1.902575     0
0     0.331485     3.022130     0
0     0.000000     4.270000     0
